{"C:\\Users\\Capuano\\Documents\\GitHub\\POO2023\\Entrega07_FINAL\\src\\app.ts": {"path":"C:\\Users\\Capuano\\Documents\\GitHub\\POO2023\\Entrega07_FINAL\\src\\app.ts","statementMap":{"0":{"start":{"line":2,"column":0},"end":{"line":2,"column":32}},"1":{"start":{"line":3,"column":0},"end":{"line":3,"column":30}},"2":{"start":{"line":6,"column":0},"end":{"line":6,"column":27}},"3":{"start":{"line":7,"column":0},"end":{"line":7,"column":66}},"4":{"start":{"line":8,"column":0},"end":{"line":8,"column":71}},"5":{"start":{"line":9,"column":0},"end":{"line":9,"column":66}},"6":{"start":{"line":10,"column":0},"end":{"line":10,"column":76}},"7":{"start":{"line":13,"column":4},"end":{"line":13,"column":null}},"8":{"start":{"line":14,"column":4},"end":{"line":14,"column":null}},"9":{"start":{"line":15,"column":4},"end":{"line":15,"column":null}},"10":{"start":{"line":16,"column":4},"end":{"line":16,"column":null}},"11":{"start":{"line":19,"column":21},"end":{"line":19,"column":66}},"12":{"start":{"line":19,"column":45},"end":{"line":19,"column":65}},"13":{"start":{"line":20,"column":8},"end":{"line":20,"column":null}},"14":{"start":{"line":20,"column":19},"end":{"line":20,"column":null}},"15":{"start":{"line":21,"column":8},"end":{"line":21,"column":null}},"16":{"start":{"line":25,"column":8},"end":{"line":25,"column":null}},"17":{"start":{"line":25,"column":37},"end":{"line":25,"column":63}},"18":{"start":{"line":25,"column":66},"end":{"line":25,"column":null}},"19":{"start":{"line":31,"column":22},"end":{"line":31,"column":41}},"20":{"start":{"line":32,"column":8},"end":{"line":32,"column":null}},"21":{"start":{"line":33,"column":34},"end":{"line":33,"column":73}},"22":{"start":{"line":34,"column":8},"end":{"line":34,"column":null}},"23":{"start":{"line":35,"column":8},"end":{"line":35,"column":null}},"24":{"start":{"line":36,"column":8},"end":{"line":36,"column":null}},"25":{"start":{"line":40,"column":21},"end":{"line":40,"column":45}},"26":{"start":{"line":41,"column":8},"end":{"line":41,"column":null}},"27":{"start":{"line":45,"column":22},"end":{"line":45,"column":41}},"28":{"start":{"line":46,"column":8},"end":{"line":46,"column":null}},"29":{"start":{"line":47,"column":8},"end":{"line":47,"column":null}},"30":{"start":{"line":48,"column":8},"end":{"line":48,"column":null}},"31":{"start":{"line":52,"column":26},"end":{"line":52,"column":76}},"32":{"start":{"line":52,"column":55},"end":{"line":52,"column":75}},"33":{"start":{"line":53,"column":8},"end":{"line":56,"column":null}},"34":{"start":{"line":54,"column":12},"end":{"line":54,"column":null}},"35":{"start":{"line":55,"column":12},"end":{"line":55,"column":18}},"36":{"start":{"line":57,"column":8},"end":{"line":57,"column":null}},"37":{"start":{"line":61,"column":21},"end":{"line":61,"column":42}},"38":{"start":{"line":62,"column":8},"end":{"line":64,"column":null}},"39":{"start":{"line":63,"column":12},"end":{"line":63,"column":null}},"40":{"start":{"line":65,"column":21},"end":{"line":65,"column":45}},"41":{"start":{"line":66,"column":8},"end":{"line":66,"column":null}},"42":{"start":{"line":67,"column":24},"end":{"line":67,"column":56}},"43":{"start":{"line":68,"column":8},"end":{"line":68,"column":null}},"44":{"start":{"line":72,"column":20},"end":{"line":72,"column":30}},"45":{"start":{"line":73,"column":21},"end":{"line":76,"column":null}},"46":{"start":{"line":74,"column":12},"end":{"line":76,"column":21}},"47":{"start":{"line":78,"column":8},"end":{"line":78,"column":null}},"48":{"start":{"line":78,"column":19},"end":{"line":78,"column":null}},"49":{"start":{"line":79,"column":8},"end":{"line":79,"column":null}},"50":{"start":{"line":80,"column":8},"end":{"line":80,"column":null}},"51":{"start":{"line":81,"column":22},"end":{"line":81,"column":53}},"52":{"start":{"line":82,"column":8},"end":{"line":82,"column":null}},"53":{"start":{"line":86,"column":8},"end":{"line":86,"column":null}},"54":{"start":{"line":90,"column":8},"end":{"line":90,"column":null}},"55":{"start":{"line":94,"column":8},"end":{"line":94,"column":null}},"56":{"start":{"line":98,"column":21},"end":{"line":98,"column":42}},"57":{"start":{"line":99,"column":8},"end":{"line":99,"column":null}},"58":{"start":{"line":100,"column":8},"end":{"line":100,"column":null}},"59":{"start":{"line":104,"column":21},"end":{"line":104,"column":64}},"60":{"start":{"line":104,"column":45},"end":{"line":104,"column":63}},"61":{"start":{"line":105,"column":8},"end":{"line":105,"column":null}},"62":{"start":{"line":105,"column":19},"end":{"line":105,"column":null}},"63":{"start":{"line":106,"column":8},"end":{"line":106,"column":null}},"64":{"start":{"line":12,"column":0},"end":{"line":12,"column":13}},"65":{"start":{"line":111,"column":13},"end":{"line":111,"column":51}},"66":{"start":{"line":112,"column":2},"end":{"line":112,"column":20}},"67":{"start":{"line":113,"column":2},"end":{"line":113,"column":24}}},"fnMap":{"0":{"name":"(anonymous_8)","decl":{"start":{"line":12,"column":0},"end":{"line":12,"column":13}},"loc":{"start":{"line":12,"column":0},"end":{"line":108,"column":1}}},"1":{"name":"(anonymous_9)","decl":{"start":{"line":18,"column":4},"end":{"line":18,"column":12}},"loc":{"start":{"line":18,"column":26},"end":{"line":22,"column":5}}},"2":{"name":"(anonymous_10)","decl":{"start":{"line":19,"column":37},"end":{"line":19,"column":41}},"loc":{"start":{"line":19,"column":45},"end":{"line":19,"column":65}}},"3":{"name":"(anonymous_11)","decl":{"start":{"line":24,"column":10},"end":{"line":24,"column":22}},"loc":{"start":{"line":24,"column":33},"end":{"line":37,"column":null}}},"4":{"name":"(anonymous_13)","decl":{"start":{"line":25,"column":28},"end":{"line":25,"column":33}},"loc":{"start":{"line":25,"column":37},"end":{"line":25,"column":63}}},"5":{"name":"(anonymous_14)","decl":{"start":{"line":39,"column":10},"end":{"line":39,"column":22}},"loc":{"start":{"line":39,"column":58},"end":{"line":42,"column":null}}},"6":{"name":"(anonymous_16)","decl":{"start":{"line":44,"column":4},"end":{"line":44,"column":16}},"loc":{"start":{"line":44,"column":27},"end":{"line":49,"column":5}}},"7":{"name":"(anonymous_17)","decl":{"start":{"line":51,"column":4},"end":{"line":51,"column":14}},"loc":{"start":{"line":51,"column":28},"end":{"line":58,"column":5}}},"8":{"name":"(anonymous_18)","decl":{"start":{"line":52,"column":47},"end":{"line":52,"column":51}},"loc":{"start":{"line":52,"column":55},"end":{"line":52,"column":75}}},"9":{"name":"(anonymous_19)","decl":{"start":{"line":60,"column":4},"end":{"line":60,"column":12}},"loc":{"start":{"line":60,"column":46},"end":{"line":69,"column":5}}},"10":{"name":"(anonymous_20)","decl":{"start":{"line":71,"column":4},"end":{"line":71,"column":14}},"loc":{"start":{"line":71,"column":48},"end":{"line":83,"column":5}}},"11":{"name":"(anonymous_21)","decl":{"start":{"line":73,"column":37},"end":{"line":73,"column":41}},"loc":{"start":{"line":74,"column":12},"end":{"line":76,"column":21}}},"12":{"name":"(anonymous_22)","decl":{"start":{"line":85,"column":4},"end":{"line":85,"column":13}},"loc":{"start":{"line":85,"column":13},"end":{"line":87,"column":5}}},"13":{"name":"(anonymous_23)","decl":{"start":{"line":89,"column":4},"end":{"line":89,"column":13}},"loc":{"start":{"line":89,"column":13},"end":{"line":91,"column":5}}},"14":{"name":"(anonymous_24)","decl":{"start":{"line":93,"column":4},"end":{"line":93,"column":13}},"loc":{"start":{"line":93,"column":13},"end":{"line":95,"column":5}}},"15":{"name":"(anonymous_25)","decl":{"start":{"line":97,"column":4},"end":{"line":97,"column":14}},"loc":{"start":{"line":97,"column":49},"end":{"line":101,"column":5}}},"16":{"name":"(anonymous_26)","decl":{"start":{"line":103,"column":4},"end":{"line":103,"column":12}},"loc":{"start":{"line":103,"column":27},"end":{"line":107,"column":5}}},"17":{"name":"(anonymous_27)","decl":{"start":{"line":104,"column":37},"end":{"line":104,"column":41}},"loc":{"start":{"line":104,"column":45},"end":{"line":104,"column":63}}},"18":{"name":"diffHours","decl":{"start":{"line":110,"column":9},"end":{"line":110,"column":18}},"loc":{"start":{"line":110,"column":39},"end":{"line":114,"column":1}}}},"branchMap":{"0":{"loc":{"start":{"line":20,"column":8},"end":{"line":20,"column":null}},"type":"if","locations":[{"start":{"line":20,"column":8},"end":{"line":20,"column":null}}]},"1":{"loc":{"start":{"line":25,"column":8},"end":{"line":25,"column":null}},"type":"if","locations":[{"start":{"line":25,"column":8},"end":{"line":25,"column":null}}]},"2":{"loc":{"start":{"line":53,"column":8},"end":{"line":56,"column":null}},"type":"if","locations":[{"start":{"line":53,"column":8},"end":{"line":56,"column":null}}]},"3":{"loc":{"start":{"line":62,"column":8},"end":{"line":64,"column":null}},"type":"if","locations":[{"start":{"line":62,"column":8},"end":{"line":64,"column":null}}]},"4":{"loc":{"start":{"line":74,"column":12},"end":{"line":76,"column":21}},"type":"binary-expr","locations":[{"start":{"line":74,"column":12},"end":{"line":74,"column":35}},{"start":{"line":75,"column":12},"end":{"line":75,"column":41}},{"start":{"line":76,"column":12},"end":{"line":76,"column":21}}]},"5":{"loc":{"start":{"line":78,"column":8},"end":{"line":78,"column":null}},"type":"if","locations":[{"start":{"line":78,"column":8},"end":{"line":78,"column":null}}]},"6":{"loc":{"start":{"line":105,"column":8},"end":{"line":105,"column":null}},"type":"if","locations":[{"start":{"line":105,"column":8},"end":{"line":105,"column":null}}]}},"s":{"0":1,"1":1,"2":1,"3":1,"4":1,"5":1,"6":1,"7":10,"8":10,"9":10,"10":10,"11":6,"12":4,"13":6,"14":2,"15":4,"16":8,"17":1,"18":1,"19":7,"20":7,"21":7,"22":7,"23":7,"24":7,"25":1,"26":1,"27":4,"28":4,"29":4,"30":4,"31":1,"32":1,"33":1,"34":1,"35":1,"36":0,"37":4,"38":4,"39":1,"40":3,"41":3,"42":3,"43":3,"44":1,"45":1,"46":1,"47":1,"48":0,"49":1,"50":1,"51":1,"52":1,"53":0,"54":0,"55":0,"56":2,"57":1,"58":1,"59":6,"60":5,"61":6,"62":1,"63":5,"64":1,"65":1,"66":1,"67":1},"f":{"0":10,"1":6,"2":4,"3":8,"4":1,"5":1,"6":4,"7":1,"8":1,"9":4,"10":1,"11":1,"12":0,"13":0,"14":0,"15":2,"16":6,"17":5,"18":1},"b":{"0":[2],"1":[1],"2":[1],"3":[1],"4":[1,1,1],"5":[0],"6":[1]}}
,"C:\\Users\\Capuano\\Documents\\GitHub\\POO2023\\Entrega07_FINAL\\src\\bike.ts": {"path":"C:\\Users\\Capuano\\Documents\\GitHub\\POO2023\\Entrega07_FINAL\\src\\bike.ts","statementMap":{"0":{"start":{"line":1,"column":0},"end":{"line":1,"column":38}},"1":{"start":{"line":5,"column":15},"end":{"line":5,"column":27}},"2":{"start":{"line":6,"column":15},"end":{"line":6,"column":27}},"3":{"start":{"line":7,"column":15},"end":{"line":7,"column":31}},"4":{"start":{"line":8,"column":15},"end":{"line":8,"column":30}},"5":{"start":{"line":9,"column":15},"end":{"line":9,"column":27}},"6":{"start":{"line":10,"column":15},"end":{"line":10,"column":34}},"7":{"start":{"line":11,"column":15},"end":{"line":11,"column":30}},"8":{"start":{"line":12,"column":15},"end":{"line":12,"column":34}},"9":{"start":{"line":13,"column":15},"end":{"line":13,"column":36}},"10":{"start":{"line":14,"column":15},"end":{"line":14,"column":36}},"11":{"start":{"line":15,"column":15},"end":{"line":15,"column":26}},"12":{"start":{"line":3,"column":0},"end":{"line":3,"column":13}}},"fnMap":{"0":{"name":"(anonymous_0)","decl":{"start":{"line":4,"column":4},"end":{"line":4,"column":null}},"loc":{"start":{"line":15,"column":26},"end":{"line":16,"column":8}}}},"branchMap":{"0":{"loc":{"start":{"line":13,"column":15},"end":{"line":13,"column":40}},"type":"default-arg","locations":[{"start":{"line":13,"column":36},"end":{"line":13,"column":40}}]},"1":{"loc":{"start":{"line":14,"column":15},"end":{"line":14,"column":58}},"type":"default-arg","locations":[{"start":{"line":14,"column":36},"end":{"line":14,"column":58}}]}},"s":{"0":1,"1":4,"2":4,"3":4,"4":4,"5":4,"6":4,"7":4,"8":4,"9":4,"10":4,"11":4,"12":1},"f":{"0":4},"b":{"0":[4],"1":[4]}}
,"C:\\Users\\Capuano\\Documents\\GitHub\\POO2023\\Entrega07_FINAL\\src\\crypt.ts": {"path":"C:\\Users\\Capuano\\Documents\\GitHub\\POO2023\\Entrega07_FINAL\\src\\crypt.ts","statementMap":{"0":{"start":{"line":1,"column":0},"end":{"line":1,"column":27}},"1":{"start":{"line":4,"column":12},"end":{"line":4,"column":null}},"2":{"start":{"line":7,"column":8},"end":{"line":7,"column":null}},"3":{"start":{"line":11,"column":8},"end":{"line":11,"column":null}},"4":{"start":{"line":3,"column":0},"end":{"line":3,"column":13}}},"fnMap":{"0":{"name":"(anonymous_8)","decl":{"start":{"line":3,"column":0},"end":{"line":3,"column":13}},"loc":{"start":{"line":3,"column":0},"end":{"line":13,"column":1}}},"1":{"name":"(anonymous_9)","decl":{"start":{"line":6,"column":10},"end":{"line":6,"column":17}},"loc":{"start":{"line":6,"column":31},"end":{"line":8,"column":null}}},"2":{"name":"(anonymous_11)","decl":{"start":{"line":10,"column":10},"end":{"line":10,"column":17}},"loc":{"start":{"line":10,"column":50},"end":{"line":12,"column":null}}}},"branchMap":{},"s":{"0":1,"1":10,"2":7,"3":1,"4":1},"f":{"0":10,"1":7,"2":1},"b":{}}
,"C:\\Users\\Capuano\\Documents\\GitHub\\POO2023\\Entrega07_FINAL\\src\\location.ts": {"path":"C:\\Users\\Capuano\\Documents\\GitHub\\POO2023\\Entrega07_FINAL\\src\\location.ts","statementMap":{"0":{"start":{"line":3,"column":15},"end":{"line":3,"column":31}},"1":{"start":{"line":4,"column":15},"end":{"line":4,"column":32}},"2":{"start":{"line":1,"column":0},"end":{"line":1,"column":13}}},"fnMap":{"0":{"name":"(anonymous_0)","decl":{"start":{"line":2,"column":4},"end":{"line":2,"column":null}},"loc":{"start":{"line":4,"column":32},"end":{"line":5,"column":8}}}},"branchMap":{},"s":{"0":6,"1":6,"2":1},"f":{"0":6},"b":{}}
,"C:\\Users\\Capuano\\Documents\\GitHub\\POO2023\\Entrega07_FINAL\\src\\rent.ts": {"path":"C:\\Users\\Capuano\\Documents\\GitHub\\POO2023\\Entrega07_FINAL\\src\\rent.ts","statementMap":{"0":{"start":{"line":8,"column":15},"end":{"line":8,"column":25}},"1":{"start":{"line":9,"column":15},"end":{"line":9,"column":25}},"2":{"start":{"line":10,"column":15},"end":{"line":10,"column":26}},"3":{"start":{"line":5,"column":11},"end":{"line":5,"column":null}},"4":{"start":{"line":4,"column":0},"end":{"line":4,"column":13}}},"fnMap":{"0":{"name":"(anonymous_0)","decl":{"start":{"line":7,"column":4},"end":{"line":7,"column":null}},"loc":{"start":{"line":10,"column":26},"end":{"line":11,"column":8}}}},"branchMap":{},"s":{"0":3,"1":3,"2":3,"3":3,"4":1},"f":{"0":3},"b":{}}
,"C:\\Users\\Capuano\\Documents\\GitHub\\POO2023\\Entrega07_FINAL\\src\\user.ts": {"path":"C:\\Users\\Capuano\\Documents\\GitHub\\POO2023\\Entrega07_FINAL\\src\\user.ts","statementMap":{"0":{"start":{"line":3,"column":15},"end":{"line":3,"column":27}},"1":{"start":{"line":4,"column":15},"end":{"line":4,"column":28}},"2":{"start":{"line":5,"column":15},"end":{"line":5,"column":31}},"3":{"start":{"line":6,"column":15},"end":{"line":6,"column":26}},"4":{"start":{"line":1,"column":0},"end":{"line":1,"column":13}}},"fnMap":{"0":{"name":"(anonymous_0)","decl":{"start":{"line":2,"column":4},"end":{"line":2,"column":null}},"loc":{"start":{"line":6,"column":26},"end":{"line":7,"column":8}}}},"branchMap":{},"s":{"0":8,"1":8,"2":8,"3":8,"4":1},"f":{"0":8},"b":{}}
,"C:\\Users\\Capuano\\Documents\\GitHub\\POO2023\\Entrega07_FINAL\\src\\errors\\bike-not-found-error.ts": {"path":"C:\\Users\\Capuano\\Documents\\GitHub\\POO2023\\Entrega07_FINAL\\src\\errors\\bike-not-found-error.ts","statementMap":{"0":{"start":{"line":5,"column":8},"end":{"line":5,"column":null}},"1":{"start":{"line":2,"column":20},"end":{"line":2,"column":null}},"2":{"start":{"line":1,"column":0},"end":{"line":1,"column":13}}},"fnMap":{"0":{"name":"(anonymous_0)","decl":{"start":{"line":4,"column":4},"end":{"line":4,"column":null}},"loc":{"start":{"line":4,"column":4},"end":{"line":6,"column":5}}}},"branchMap":{},"s":{"0":1,"1":1,"2":1},"f":{"0":1},"b":{}}
,"C:\\Users\\Capuano\\Documents\\GitHub\\POO2023\\Entrega07_FINAL\\src\\errors\\unavailable-bike-error.ts": {"path":"C:\\Users\\Capuano\\Documents\\GitHub\\POO2023\\Entrega07_FINAL\\src\\errors\\unavailable-bike-error.ts","statementMap":{"0":{"start":{"line":5,"column":8},"end":{"line":5,"column":null}},"1":{"start":{"line":2,"column":20},"end":{"line":2,"column":null}},"2":{"start":{"line":1,"column":0},"end":{"line":1,"column":13}}},"fnMap":{"0":{"name":"(anonymous_0)","decl":{"start":{"line":4,"column":4},"end":{"line":4,"column":null}},"loc":{"start":{"line":4,"column":4},"end":{"line":6,"column":5}}}},"branchMap":{},"s":{"0":1,"1":1,"2":1},"f":{"0":1},"b":{}}
,"C:\\Users\\Capuano\\Documents\\GitHub\\POO2023\\Entrega07_FINAL\\src\\errors\\user-already-exists-error.ts": {"path":"C:\\Users\\Capuano\\Documents\\GitHub\\POO2023\\Entrega07_FINAL\\src\\errors\\user-already-exists-error.ts","statementMap":{"0":{"start":{"line":5,"column":8},"end":{"line":5,"column":null}},"1":{"start":{"line":2,"column":20},"end":{"line":2,"column":null}},"2":{"start":{"line":1,"column":0},"end":{"line":1,"column":13}}},"fnMap":{"0":{"name":"(anonymous_0)","decl":{"start":{"line":4,"column":4},"end":{"line":4,"column":null}},"loc":{"start":{"line":4,"column":4},"end":{"line":6,"column":5}}}},"branchMap":{},"s":{"0":1,"1":1,"2":1},"f":{"0":1},"b":{}}
,"C:\\Users\\Capuano\\Documents\\GitHub\\POO2023\\Entrega07_FINAL\\src\\errors\\user-not-found-error.ts": {"path":"C:\\Users\\Capuano\\Documents\\GitHub\\POO2023\\Entrega07_FINAL\\src\\errors\\user-not-found-error.ts","statementMap":{"0":{"start":{"line":5,"column":8},"end":{"line":5,"column":null}},"1":{"start":{"line":2,"column":20},"end":{"line":2,"column":null}},"2":{"start":{"line":1,"column":0},"end":{"line":1,"column":13}}},"fnMap":{"0":{"name":"(anonymous_0)","decl":{"start":{"line":4,"column":4},"end":{"line":4,"column":null}},"loc":{"start":{"line":4,"column":4},"end":{"line":6,"column":5}}}},"branchMap":{},"s":{"0":2,"1":2,"2":1},"f":{"0":2},"b":{}}
}
