TN:
SF:src\app.ts
FN:12,(anonymous_8)
FN:18,(anonymous_9)
FN:19,(anonymous_10)
FN:24,(anonymous_11)
FN:25,(anonymous_13)
FN:39,(anonymous_14)
FN:44,(anonymous_16)
FN:51,(anonymous_17)
FN:52,(anonymous_18)
FN:60,(anonymous_19)
FN:71,(anonymous_20)
FN:73,(anonymous_21)
FN:85,(anonymous_22)
FN:89,(anonymous_23)
FN:93,(anonymous_24)
FN:97,(anonymous_25)
FN:103,(anonymous_26)
FN:104,(anonymous_27)
FN:110,diffHours
FNF:19
FNH:16
FNDA:10,(anonymous_8)
FNDA:6,(anonymous_9)
FNDA:4,(anonymous_10)
FNDA:8,(anonymous_11)
FNDA:1,(anonymous_13)
FNDA:1,(anonymous_14)
FNDA:4,(anonymous_16)
FNDA:1,(anonymous_17)
FNDA:1,(anonymous_18)
FNDA:4,(anonymous_19)
FNDA:1,(anonymous_20)
FNDA:1,(anonymous_21)
FNDA:0,(anonymous_22)
FNDA:0,(anonymous_23)
FNDA:0,(anonymous_24)
FNDA:2,(anonymous_25)
FNDA:6,(anonymous_26)
FNDA:5,(anonymous_27)
FNDA:1,diffHours
DA:2,1
DA:3,1
DA:6,1
DA:7,1
DA:8,1
DA:9,1
DA:10,1
DA:12,1
DA:13,10
DA:14,10
DA:15,10
DA:16,10
DA:19,6
DA:20,6
DA:21,4
DA:25,8
DA:31,7
DA:32,7
DA:33,7
DA:34,7
DA:35,7
DA:36,7
DA:40,1
DA:41,1
DA:45,4
DA:46,4
DA:47,4
DA:48,4
DA:52,1
DA:53,1
DA:54,1
DA:55,1
DA:57,0
DA:61,4
DA:62,4
DA:63,1
DA:65,3
DA:66,3
DA:67,3
DA:68,3
DA:72,1
DA:73,1
DA:74,1
DA:78,1
DA:79,1
DA:80,1
DA:81,1
DA:82,1
DA:86,0
DA:90,0
DA:94,0
DA:98,2
DA:99,1
DA:100,1
DA:104,6
DA:105,6
DA:106,5
DA:111,1
DA:112,1
DA:113,1
LF:60
LH:56
BRDA:20,0,0,2
BRDA:25,1,0,1
BRDA:53,2,0,1
BRDA:62,3,0,1
BRDA:74,4,0,1
BRDA:74,4,1,1
BRDA:74,4,2,1
BRDA:78,5,0,0
BRDA:105,6,0,1
BRF:9
BRH:8
end_of_record
TN:
SF:src\bike.ts
FN:4,(anonymous_0)
FNF:1
FNH:1
FNDA:4,(anonymous_0)
DA:1,1
DA:3,1
DA:5,4
DA:6,4
DA:7,4
DA:8,4
DA:9,4
DA:10,4
DA:11,4
DA:12,4
DA:13,4
DA:14,4
DA:15,4
LF:13
LH:13
BRDA:13,0,0,4
BRDA:14,1,0,4
BRF:2
BRH:2
end_of_record
TN:
SF:src\crypt.ts
FN:3,(anonymous_8)
FN:6,(anonymous_9)
FN:10,(anonymous_11)
FNF:3
FNH:3
FNDA:10,(anonymous_8)
FNDA:7,(anonymous_9)
FNDA:1,(anonymous_11)
DA:1,1
DA:3,1
DA:4,10
DA:7,7
DA:11,1
LF:5
LH:5
BRF:0
BRH:0
end_of_record
TN:
SF:src\location.ts
FN:2,(anonymous_0)
FNF:1
FNH:1
FNDA:6,(anonymous_0)
DA:1,1
DA:3,6
DA:4,6
LF:3
LH:3
BRF:0
BRH:0
end_of_record
TN:
SF:src\rent.ts
FN:7,(anonymous_0)
FNF:1
FNH:1
FNDA:3,(anonymous_0)
DA:4,1
DA:5,3
DA:8,3
DA:9,3
DA:10,3
LF:5
LH:5
BRF:0
BRH:0
end_of_record
TN:
SF:src\user.ts
FN:2,(anonymous_0)
FNF:1
FNH:1
FNDA:8,(anonymous_0)
DA:1,1
DA:3,8
DA:4,8
DA:5,8
DA:6,8
LF:5
LH:5
BRF:0
BRH:0
end_of_record
TN:
SF:src\errors\bike-not-found-error.ts
FN:4,(anonymous_0)
FNF:1
FNH:1
FNDA:1,(anonymous_0)
DA:1,1
DA:2,1
DA:5,1
LF:3
LH:3
BRF:0
BRH:0
end_of_record
TN:
SF:src\errors\unavailable-bike-error.ts
FN:4,(anonymous_0)
FNF:1
FNH:1
FNDA:1,(anonymous_0)
DA:1,1
DA:2,1
DA:5,1
LF:3
LH:3
BRF:0
BRH:0
end_of_record
TN:
SF:src\errors\user-already-exists-error.ts
FN:4,(anonymous_0)
FNF:1
FNH:1
FNDA:1,(anonymous_0)
DA:1,1
DA:2,1
DA:5,1
LF:3
LH:3
BRF:0
BRH:0
end_of_record
TN:
SF:src\errors\user-not-found-error.ts
FN:4,(anonymous_0)
FNF:1
FNH:1
FNDA:2,(anonymous_0)
DA:1,1
DA:2,2
DA:5,2
LF:3
LH:3
BRF:0
BRH:0
end_of_record
